mode: atomic
github.com/Foundato/kelon/configs/config.go:27.52,29.2 1 0
github.com/Foundato/kelon/configs/config.go:31.59,32.35 1 1
github.com/Foundato/kelon/configs/config.go:35.2,35.29 1 1
github.com/Foundato/kelon/configs/config.go:39.2,43.76 3 1
github.com/Foundato/kelon/configs/config.go:48.2,49.69 2 1
github.com/Foundato/kelon/configs/config.go:53.2,53.20 1 1
github.com/Foundato/kelon/configs/config.go:32.35,34.3 1 0
github.com/Foundato/kelon/configs/config.go:35.29,37.3 1 0
github.com/Foundato/kelon/configs/config.go:43.76,45.3 1 0
github.com/Foundato/kelon/configs/config.go:49.69,51.3 1 0
github.com/Foundato/kelon/configs/config.go:61.59,62.33 1 3
github.com/Foundato/kelon/configs/config.go:65.2,65.27 1 3
github.com/Foundato/kelon/configs/config.go:70.2,70.86 1 3
github.com/Foundato/kelon/configs/config.go:62.33,64.3 1 0
github.com/Foundato/kelon/configs/config.go:65.27,67.3 1 0
github.com/Foundato/kelon/configs/config.go:70.86,71.82 1 2
github.com/Foundato/kelon/configs/config.go:71.82,76.4 1 1
github.com/Foundato/kelon/configs/config.go:76.9,78.4 1 1
github.com/Foundato/kelon/configs/config.go:79.8,81.3 1 1
